2019-05-07 21:22:14,191 [Worker-9: Loading available Gradle versions] INFO  c.g.t.t.d.PublishedGradleVersions - Gradle version information cache is up-to-date. Trying to read.
2019-05-07 21:23:08,133 [Worker-2: Creating maven-archetype-quickstart] INFO  o.e.m.c.i.p.ProjectConfigurationManager - Collecting project info '/pom.xml' E:\JenkinsProject\JenkinsProject\pom.xml
2019-05-07 21:23:10,356 [Worker-2: Creating maven-archetype-quickstart] INFO  o.e.m.c.i.l.LifecycleMappingFactory - Using org.eclipse.m2e.jdt.JarLifecycleMapping lifecycle mapping for MavenProject: JenkinsProject:JenkinsProject:0.0.1-SNAPSHOT @ E:\JenkinsProject\JenkinsProject\pom.xml.
2019-05-07 21:23:11,619 [Worker-2: Creating maven-archetype-quickstart] INFO  o.e.m.j.i.AbstractJavaProjectConfigurator - Adding source folder /JenkinsProject/src/main/java
2019-05-07 21:23:11,632 [Worker-2: Creating maven-archetype-quickstart] INFO  o.e.m.j.i.AbstractJavaProjectConfigurator - Adding source folder /JenkinsProject/src/test/java
2019-05-07 21:23:12,547 [Worker-2: Creating maven-archetype-quickstart] INFO  o.e.m.c.i.p.ProjectConfigurationManager - Imported and configured 1 project(s) in 4 sec
2019-05-07 21:23:13,179 [Worker-11: Building workspace] INFO  o.e.m.c.i.embedder.EclipseLogger - Using 'UTF-8' encoding to copy filtered resources.
2019-05-07 21:23:13,179 [Worker-11: Building workspace] INFO  o.e.m.c.i.embedder.EclipseLogger - skip non existing resourceDirectory E:\JenkinsProject\JenkinsProject\src\main\resources
2019-05-07 21:23:13,181 [Worker-11: Building workspace] INFO  o.e.m.c.i.embedder.EclipseLogger - Using 'UTF-8' encoding to copy filtered resources.
2019-05-07 21:23:13,181 [Worker-11: Building workspace] INFO  o.e.m.c.i.embedder.EclipseLogger - skip non existing resourceDirectory E:\JenkinsProject\JenkinsProject\src\test\resources
2019-05-07 21:23:30,220 [Worker-20: Building workspace] INFO  o.e.m.c.i.embedder.EclipseLogger - Using 'UTF-8' encoding to copy filtered resources.
2019-05-07 21:23:30,221 [Worker-20: Building workspace] INFO  o.e.m.c.i.embedder.EclipseLogger - skip non existing resourceDirectory E:\JenkinsProject\JenkinsProject\src\main\resources
2019-05-07 21:23:30,223 [Worker-20: Building workspace] INFO  o.e.m.c.i.embedder.EclipseLogger - Using 'UTF-8' encoding to copy filtered resources.
2019-05-07 21:23:30,224 [Worker-20: Building workspace] INFO  o.e.m.c.i.embedder.EclipseLogger - skip non existing resourceDirectory E:\JenkinsProject\JenkinsProject\src\test\resources
2019-05-07 21:23:40,681 [Worker-20: Building workspace] INFO  o.e.m.c.i.embedder.EclipseLogger - Using 'UTF-8' encoding to copy filtered resources.
2019-05-07 21:23:40,682 [Worker-20: Building workspace] INFO  o.e.m.c.i.embedder.EclipseLogger - skip non existing resourceDirectory E:\JenkinsProject\JenkinsProject\src\main\resources
2019-05-07 21:23:40,684 [Worker-20: Building workspace] INFO  o.e.m.c.i.embedder.EclipseLogger - Using 'UTF-8' encoding to copy filtered resources.
2019-05-07 21:23:40,684 [Worker-20: Building workspace] INFO  o.e.m.c.i.embedder.EclipseLogger - skip non existing resourceDirectory E:\JenkinsProject\JenkinsProject\src\test\resources
2019-05-07 21:25:27,525 [Worker-23: Building workspace] INFO  o.e.m.c.i.embedder.EclipseLogger - Using 'UTF-8' encoding to copy filtered resources.
2019-05-07 21:25:27,525 [Worker-23: Building workspace] INFO  o.e.m.c.i.embedder.EclipseLogger - skip non existing resourceDirectory E:\JenkinsProject\JenkinsProject\src\main\resources
2019-05-07 21:25:27,528 [Worker-23: Building workspace] INFO  o.e.m.c.i.embedder.EclipseLogger - Using 'UTF-8' encoding to copy filtered resources.
2019-05-07 21:25:27,528 [Worker-23: Building workspace] INFO  o.e.m.c.i.embedder.EclipseLogger - skip non existing resourceDirectory E:\JenkinsProject\JenkinsProject\src\test\resources
2019-05-07 21:25:50,782 [Worker-24: Building workspace] INFO  o.e.m.c.i.embedder.EclipseLogger - Using 'UTF-8' encoding to copy filtered resources.
2019-05-07 21:25:50,783 [Worker-24: Building workspace] INFO  o.e.m.c.i.embedder.EclipseLogger - skip non existing resourceDirectory E:\JenkinsProject\JenkinsProject\src\main\resources
2019-05-07 21:25:50,784 [Worker-24: Building workspace] INFO  o.e.m.c.i.embedder.EclipseLogger - Using 'UTF-8' encoding to copy filtered resources.
2019-05-07 21:25:50,784 [Worker-24: Building workspace] INFO  o.e.m.c.i.embedder.EclipseLogger - skip non existing resourceDirectory E:\JenkinsProject\JenkinsProject\src\test\resources
2019-05-07 21:25:51,824 [Worker-23: Building workspace] INFO  o.e.m.c.i.embedder.EclipseLogger - Using 'UTF-8' encoding to copy filtered resources.
2019-05-07 21:25:51,825 [Worker-23: Building workspace] INFO  o.e.m.c.i.embedder.EclipseLogger - skip non existing resourceDirectory E:\JenkinsProject\JenkinsProject\src\main\resources
2019-05-07 21:25:51,827 [Worker-23: Building workspace] INFO  o.e.m.c.i.embedder.EclipseLogger - Using 'UTF-8' encoding to copy filtered resources.
2019-05-07 21:25:51,827 [Worker-23: Building workspace] INFO  o.e.m.c.i.embedder.EclipseLogger - skip non existing resourceDirectory E:\JenkinsProject\JenkinsProject\src\test\resources
2019-05-07 21:28:45,906 [Worker-7: Building workspace] INFO  o.e.m.c.i.l.LifecycleMappingFactory - Using org.eclipse.m2e.jdt.JarLifecycleMapping lifecycle mapping for MavenProject: JenkinsProject:JenkinsProject:0.0.1-SNAPSHOT @ E:\JenkinsProject\JenkinsProject\pom.xml.
2019-05-07 21:28:47,351 [Worker-7: Building workspace] INFO  o.e.m.c.i.embedder.EclipseLogger - Using 'UTF-8' encoding to copy filtered resources.
2019-05-07 21:28:47,351 [Worker-7: Building workspace] INFO  o.e.m.c.i.embedder.EclipseLogger - skip non existing resourceDirectory E:\JenkinsProject\JenkinsProject\src\main\resources
2019-05-07 21:28:47,354 [Worker-7: Building workspace] INFO  o.e.m.c.i.embedder.EclipseLogger - Using 'UTF-8' encoding to copy filtered resources.
2019-05-07 21:28:47,355 [Worker-7: Building workspace] INFO  o.e.m.c.i.embedder.EclipseLogger - skip non existing resourceDirectory E:\JenkinsProject\JenkinsProject\src\test\resources
2019-05-07 21:28:49,454 [Worker-24: Building workspace] INFO  o.e.m.c.i.embedder.EclipseLogger - Using 'UTF-8' encoding to copy filtered resources.
2019-05-07 21:28:49,454 [Worker-24: Building workspace] INFO  o.e.m.c.i.embedder.EclipseLogger - skip non existing resourceDirectory E:\JenkinsProject\JenkinsProject\src\main\resources
2019-05-07 21:28:49,457 [Worker-24: Building workspace] INFO  o.e.m.c.i.embedder.EclipseLogger - Using 'UTF-8' encoding to copy filtered resources.
2019-05-07 21:28:49,458 [Worker-24: Building workspace] INFO  o.e.m.c.i.embedder.EclipseLogger - skip non existing resourceDirectory E:\JenkinsProject\JenkinsProject\src\test\resources
2019-05-07 21:29:48,007 [Worker-27: Updating Maven Project] INFO  o.e.m.c.i.p.ProjectConfigurationManager - Update started
2019-05-07 21:29:48,614 [Worker-27: Updating Maven Project] INFO  o.e.m.c.i.l.LifecycleMappingFactory - Using org.eclipse.m2e.jdt.JarLifecycleMapping lifecycle mapping for MavenProject: JenkinsProject:JenkinsProject:0.0.1-SNAPSHOT @ E:\JenkinsProject\JenkinsProject\pom.xml.
2019-05-07 21:29:49,039 [Worker-27: Updating Maven Project] INFO  o.e.m.j.i.AbstractJavaProjectConfigurator - Adding source folder /JenkinsProject/src/main/java
2019-05-07 21:29:49,039 [Worker-27: Updating Maven Project] INFO  o.e.m.j.i.AbstractJavaProjectConfigurator - Adding source folder /JenkinsProject/src/test/java
2019-05-07 21:29:49,210 [Worker-27: Updating Maven Project] INFO  o.e.m.c.i.p.ProjectConfigurationManager - Update completed: 1 sec
2019-05-07 21:29:49,542 [Worker-7: Building workspace] INFO  o.e.m.c.i.embedder.EclipseLogger - Using 'UTF-8' encoding to copy filtered resources.
2019-05-07 21:29:49,542 [Worker-7: Building workspace] INFO  o.e.m.c.i.embedder.EclipseLogger - skip non existing resourceDirectory E:\JenkinsProject\JenkinsProject\src\main\resources
2019-05-07 21:29:49,544 [Worker-7: Building workspace] INFO  o.e.m.c.i.embedder.EclipseLogger - Using 'UTF-8' encoding to copy filtered resources.
2019-05-07 21:29:49,544 [Worker-7: Building workspace] INFO  o.e.m.c.i.embedder.EclipseLogger - skip non existing resourceDirectory E:\JenkinsProject\JenkinsProject\src\test\resources
2019-05-07 21:29:57,827 [Worker-26: Building workspace] INFO  o.e.m.c.i.embedder.EclipseLogger - Using 'UTF-8' encoding to copy filtered resources.
2019-05-07 21:29:57,828 [Worker-26: Building workspace] INFO  o.e.m.c.i.embedder.EclipseLogger - skip non existing resourceDirectory E:\JenkinsProject\JenkinsProject\src\main\resources
2019-05-07 21:29:57,829 [Worker-26: Building workspace] INFO  o.e.m.c.i.embedder.EclipseLogger - Using 'UTF-8' encoding to copy filtered resources.
2019-05-07 21:29:57,829 [Worker-26: Building workspace] INFO  o.e.m.c.i.embedder.EclipseLogger - skip non existing resourceDirectory E:\JenkinsProject\JenkinsProject\src\test\resources
2019-05-07 21:30:06,083 [Worker-7: Building workspace] INFO  o.e.m.c.i.embedder.EclipseLogger - Using 'UTF-8' encoding to copy filtered resources.
2019-05-07 21:30:06,083 [Worker-7: Building workspace] INFO  o.e.m.c.i.embedder.EclipseLogger - skip non existing resourceDirectory E:\JenkinsProject\JenkinsProject\src\main\resources
2019-05-07 21:30:06,084 [Worker-7: Building workspace] INFO  o.e.m.c.i.embedder.EclipseLogger - Using 'UTF-8' encoding to copy filtered resources.
2019-05-07 21:30:06,084 [Worker-7: Building workspace] INFO  o.e.m.c.i.embedder.EclipseLogger - skip non existing resourceDirectory E:\JenkinsProject\JenkinsProject\src\test\resources
2019-05-07 21:34:16,608 [Worker-26: Building workspace] INFO  o.e.m.c.i.embedder.EclipseLogger - Using 'UTF-8' encoding to copy filtered resources.
2019-05-07 21:34:16,608 [Worker-26: Building workspace] INFO  o.e.m.c.i.embedder.EclipseLogger - skip non existing resourceDirectory E:\JenkinsProject\JenkinsProject\src\main\resources
2019-05-07 21:34:16,609 [Worker-26: Building workspace] INFO  o.e.m.c.i.embedder.EclipseLogger - Using 'UTF-8' encoding to copy filtered resources.
2019-05-07 21:34:16,610 [Worker-26: Building workspace] INFO  o.e.m.c.i.embedder.EclipseLogger - skip non existing resourceDirectory E:\JenkinsProject\JenkinsProject\src\test\resources
2019-05-07 21:36:02,843 [main] INFO  o.e.m2e.actions.ExecutePomAction - Creating new launch configuration
2019-05-07 21:36:11,914 [Worker-25: Launching Executing test in E__JenkinsProject_JenkinsProject] INFO  o.e.m.i.launch.MavenLaunchDelegate - E:\JenkinsProject\JenkinsProject
2019-05-07 21:36:11,915 [Worker-25: Launching Executing test in E__JenkinsProject_JenkinsProject] INFO  o.e.m.i.launch.MavenLaunchDelegate -  mvn -B test
2019-05-07 21:36:14,690 [Worker-27: Building workspace] INFO  o.e.m.c.i.embedder.EclipseLogger - Using 'UTF-8' encoding to copy filtered resources.
2019-05-07 21:36:14,691 [Worker-27: Building workspace] INFO  o.e.m.c.i.embedder.EclipseLogger - skip non existing resourceDirectory E:\JenkinsProject\JenkinsProject\src\main\resources
2019-05-07 21:36:14,692 [Worker-27: Building workspace] INFO  o.e.m.c.i.embedder.EclipseLogger - Using 'UTF-8' encoding to copy filtered resources.
2019-05-07 21:36:14,693 [Worker-27: Building workspace] INFO  o.e.m.c.i.embedder.EclipseLogger - skip non existing resourceDirectory E:\JenkinsProject\JenkinsProject\src\test\resources
2019-05-07 21:39:38,583 [Worker-6: Loading available Gradle versions] INFO  c.g.t.t.d.PublishedGradleVersions - Gradle version information cache is up-to-date. Trying to read.
2019-05-07 21:39:40,598 [Worker-4: Building workspace] INFO  o.e.m.c.i.embedder.EclipseLogger - Using 'UTF-8' encoding to copy filtered resources.
2019-05-07 21:39:40,598 [Worker-4: Building workspace] INFO  o.e.m.c.i.embedder.EclipseLogger - skip non existing resourceDirectory E:\JenkinsProject\JenkinsProject\src\main\resources
2019-05-07 21:39:40,600 [Worker-4: Building workspace] INFO  o.e.m.c.i.embedder.EclipseLogger - Using 'UTF-8' encoding to copy filtered resources.
2019-05-07 21:39:40,600 [Worker-4: Building workspace] INFO  o.e.m.c.i.embedder.EclipseLogger - skip non existing resourceDirectory E:\JenkinsProject\JenkinsProject\src\test\resources
2019-05-07 21:42:49,744 [Worker-7: Loading available Gradle versions] INFO  c.g.t.t.d.PublishedGradleVersions - Gradle version information cache is up-to-date. Trying to read.
2019-05-07 21:42:52,063 [Worker-14: Building workspace] INFO  o.e.m.c.i.embedder.EclipseLogger - Using 'UTF-8' encoding to copy filtered resources.
2019-05-07 21:42:52,064 [Worker-14: Building workspace] INFO  o.e.m.c.i.embedder.EclipseLogger - skip non existing resourceDirectory E:\JenkinsProject\JenkinsProject\src\main\resources
2019-05-07 21:42:52,067 [Worker-14: Building workspace] INFO  o.e.m.c.i.embedder.EclipseLogger - Using 'UTF-8' encoding to copy filtered resources.
2019-05-07 21:42:52,067 [Worker-14: Building workspace] INFO  o.e.m.c.i.embedder.EclipseLogger - skip non existing resourceDirectory E:\JenkinsProject\JenkinsProject\src\test\resources
2019-05-07 21:47:48,989 [Worker-2: Launching Cart] INFO  o.e.m.c.i.embedder.EclipseLogger - Using 'UTF-8' encoding to copy filtered resources.
2019-05-07 21:47:48,989 [Worker-2: Launching Cart] INFO  o.e.m.c.i.embedder.EclipseLogger - skip non existing resourceDirectory E:\JenkinsProject\JenkinsProject\src\main\resources
2019-05-07 21:47:48,991 [Worker-2: Launching Cart] INFO  o.e.m.c.i.embedder.EclipseLogger - Using 'UTF-8' encoding to copy filtered resources.
2019-05-07 21:47:48,991 [Worker-2: Launching Cart] INFO  o.e.m.c.i.embedder.EclipseLogger - skip non existing resourceDirectory E:\JenkinsProject\JenkinsProject\src\test\resources
2019-05-07 21:56:08,374 [Worker-3: Loading available Gradle versions] INFO  c.g.t.t.d.PublishedGradleVersions - Gradle version information cache is up-to-date. Trying to read.
2019-05-07 21:56:11,602 [Worker-0: Building workspace] INFO  o.e.m.c.i.embedder.EclipseLogger - Using 'UTF-8' encoding to copy filtered resources.
2019-05-07 21:56:11,604 [Worker-0: Building workspace] INFO  o.e.m.c.i.embedder.EclipseLogger - skip non existing resourceDirectory E:\JenkinsProject\JenkinsProject\src\main\resources
2019-05-07 21:56:11,610 [Worker-0: Building workspace] INFO  o.e.m.c.i.embedder.EclipseLogger - Using 'UTF-8' encoding to copy filtered resources.
2019-05-07 21:56:11,610 [Worker-0: Building workspace] INFO  o.e.m.c.i.embedder.EclipseLogger - skip non existing resourceDirectory E:\JenkinsProject\JenkinsProject\src\test\resources
2019-05-07 22:43:45,841 [Worker-25: Building workspace] INFO  o.e.m.c.i.embedder.EclipseLogger - Using 'UTF-8' encoding to copy filtered resources.
2019-05-07 22:43:45,842 [Worker-25: Building workspace] INFO  o.e.m.c.i.embedder.EclipseLogger - skip non existing resourceDirectory E:\JenkinsProject\JenkinsProject\src\main\resources
2019-05-07 22:43:45,843 [Worker-25: Building workspace] INFO  o.e.m.c.i.embedder.EclipseLogger - Using 'UTF-8' encoding to copy filtered resources.
2019-05-07 22:43:45,843 [Worker-25: Building workspace] INFO  o.e.m.c.i.embedder.EclipseLogger - skip non existing resourceDirectory E:\JenkinsProject\JenkinsProject\src\test\resources
